{
  message: 'GET /failLogin status error',
  level: 'error',
  timestamp: '2022-06-22T00:01:52.304Z'
}
{
  message: 'GET /failLogin status error',
  level: 'error',
  timestamp: '2022-06-22T00:10:40.662Z'
}
{
  message: 'GET /failRegister status error',
  level: 'error',
  timestamp: '2022-06-22T00:16:13.664Z'
}
{
  message: 'GET /failLogin status error',
  level: 'error',
  timestamp: '2022-06-22T00:49:08.980Z'
}
{
  message: 'GET /failLogin status error',
  level: 'error',
  timestamp: '2022-06-22T00:49:24.186Z'
}
{
  message: 'GET /failLogin status error',
  level: 'error',
  timestamp: '2022-06-22T00:59:08.435Z'
}
{
  message: 'GET /failRegister status error',
  level: 'error',
  timestamp: '2022-06-22T19:41:05.141Z'
}
{
  message: 'GET /failRegister status error',
  level: 'error',
  timestamp: '2022-06-22T23:34:08.925Z'
}
{
  message: 'GET /failLogin status error',
  level: 'error',
  timestamp: '2022-06-23T17:02:17.406Z'
}
{
  message: 'GET /failLogin status error',
  level: 'error',
  timestamp: '2022-06-23T17:02:24.698Z'
}
{
  status: 400,
  code: 21212,
  moreInfo: 'https://www.twilio.com/docs/errors/21212',
  details: undefined,
  level: 'error',
  timestamp: '2022-06-23T18:39:22.354Z'
}
